  FileName.cpp
C:\Users\Ferid\Desktop\C++\C++_OOP_Project\C++_OOP_Project\FileName.cpp(205,12): warning C4566: character represented by universal-character-name '\u0259' cannot be represented in the current code page (1252)
C:\Users\Ferid\Desktop\C++\C++_OOP_Project\C++_OOP_Project\FileName.cpp(209,11): warning C4566: character represented by universal-character-name '\u0259' cannot be represented in the current code page (1252)
C:\Users\Ferid\Desktop\C++\C++_OOP_Project\C++_OOP_Project\FileName.cpp(161,20): warning C4267: 'argument': conversion from 'size_t' to 'int', possible loss of data
C:\Users\Ferid\Desktop\C++\C++_OOP_Project\C++_OOP_Project\FileName.cpp(162,21): warning C4267: 'argument': conversion from 'size_t' to 'int', possible loss of data
C:\Users\Ferid\Desktop\C++\C++_OOP_Project\C++_OOP_Project\FileName.cpp(226,12): warning C4566: character represented by universal-character-name '\u0259' cannot be represented in the current code page (1252)
C:\Users\Ferid\Desktop\C++\C++_OOP_Project\C++_OOP_Project\FileName.cpp(226,39): warning C4566: character represented by universal-character-name '\u0259' cannot be represented in the current code page (1252)
C:\Users\Ferid\Desktop\C++\C++_OOP_Project\C++_OOP_Project\FileName.cpp(230,12): warning C4566: character represented by universal-character-name '\u0259' cannot be represented in the current code page (1252)
C:\Users\Ferid\Desktop\C++\C++_OOP_Project\C++_OOP_Project\FileName.cpp(230,12): warning C4566: character represented by universal-character-name '\u011F' cannot be represented in the current code page (1252)
C:\Users\Ferid\Desktop\C++\C++_OOP_Project\C++_OOP_Project\FileName.cpp(241,12): warning C4566: character represented by universal-character-name '\u0259' cannot be represented in the current code page (1252)
C:\Users\Ferid\Desktop\C++\C++_OOP_Project\C++_OOP_Project\FileName.cpp(241,40): warning C4566: character represented by universal-character-name '\u0131' cannot be represented in the current code page (1252)
C:\Users\Ferid\Desktop\C++\C++_OOP_Project\C++_OOP_Project\FileName.cpp(245,12): warning C4566: character represented by universal-character-name '\u0259' cannot be represented in the current code page (1252)
C:\Users\Ferid\Desktop\C++\C++_OOP_Project\C++_OOP_Project\FileName.cpp(252,11): warning C4566: character represented by universal-character-name '\u0259' cannot be represented in the current code page (1252)
C:\Users\Ferid\Desktop\C++\C++_OOP_Project\C++_OOP_Project\FileName.cpp(354,12): warning C4566: character represented by universal-character-name '\u0259' cannot be represented in the current code page (1252)
C:\Users\Ferid\Desktop\C++\C++_OOP_Project\C++_OOP_Project\FileName.cpp(354,12): warning C4566: character represented by universal-character-name '\u0131' cannot be represented in the current code page (1252)
C:\Users\Ferid\Desktop\C++\C++_OOP_Project\C++_OOP_Project\FileName.cpp(354,12): warning C4566: character represented by universal-character-name '\u015F' cannot be represented in the current code page (1252)
C:\Users\Ferid\Desktop\C++\C++_OOP_Project\C++_OOP_Project\FileName.cpp(354,12): warning C4566: character represented by universal-character-name '\u011F' cannot be represented in the current code page (1252)
C:\Users\Ferid\Desktop\C++\C++_OOP_Project\C++_OOP_Project\FileName.cpp(367,11): warning C4566: character represented by universal-character-name '\u0259' cannot be represented in the current code page (1252)
C:\Users\Ferid\Desktop\C++\C++_OOP_Project\C++_OOP_Project\FileName.cpp(367,42): warning C4566: character represented by universal-character-name '\u0131' cannot be represented in the current code page (1252)
C:\Users\Ferid\Desktop\C++\C++_OOP_Project\C++_OOP_Project\FileName.cpp(367,42): warning C4566: character represented by universal-character-name '\u0259' cannot be represented in the current code page (1252)
C:\Users\Ferid\Desktop\C++\C++_OOP_Project\C++_OOP_Project\FileName.cpp(374,21): warning C4267: 'argument': conversion from 'size_t' to 'int', possible loss of data
C:\Users\Ferid\Desktop\C++\C++_OOP_Project\C++_OOP_Project\FileName.cpp(433,29): warning C4566: character represented by universal-character-name '\u0259' cannot be represented in the current code page (1252)
C:\Users\Ferid\Desktop\C++\C++_OOP_Project\C++_OOP_Project\FileName.cpp(438,12): warning C4566: character represented by universal-character-name '\u0259' cannot be represented in the current code page (1252)
C:\Users\Ferid\Desktop\C++\C++_OOP_Project\C++_OOP_Project\FileName.cpp(438,12): warning C4566: character represented by universal-character-name '\u015F' cannot be represented in the current code page (1252)
C:\Users\Ferid\Desktop\C++\C++_OOP_Project\C++_OOP_Project\FileName.cpp(442,11): warning C4566: character represented by universal-character-name '\u0259' cannot be represented in the current code page (1252)
C:\Users\Ferid\Desktop\C++\C++_OOP_Project\C++_OOP_Project\FileName.cpp(451,12): warning C4566: character represented by universal-character-name '\u0131' cannot be represented in the current code page (1252)
C:\Users\Ferid\Desktop\C++\C++_OOP_Project\C++_OOP_Project\FileName.cpp(451,12): warning C4566: character represented by universal-character-name '\u015F' cannot be represented in the current code page (1252)
C:\Users\Ferid\Desktop\C++\C++_OOP_Project\C++_OOP_Project\FileName.cpp(454,44): warning C4566: character represented by universal-character-name '\u0259' cannot be represented in the current code page (1252)
C:\Users\Ferid\Desktop\C++\C++_OOP_Project\C++_OOP_Project\FileName.cpp(460,12): warning C4566: character represented by universal-character-name '\u0131' cannot be represented in the current code page (1252)
C:\Users\Ferid\Desktop\C++\C++_OOP_Project\C++_OOP_Project\FileName.cpp(460,12): warning C4566: character represented by universal-character-name '\u015F' cannot be represented in the current code page (1252)
C:\Users\Ferid\Desktop\C++\C++_OOP_Project\C++_OOP_Project\FileName.cpp(468,11): warning C4566: character represented by universal-character-name '\u0131' cannot be represented in the current code page (1252)
C:\Users\Ferid\Desktop\C++\C++_OOP_Project\C++_OOP_Project\FileName.cpp(476,21): warning C4566: character represented by universal-character-name '\u0131' cannot be represented in the current code page (1252)
C:\Users\Ferid\Desktop\C++\C++_OOP_Project\C++_OOP_Project\FileName.cpp(482,12): warning C4566: character represented by universal-character-name '\u0259' cannot be represented in the current code page (1252)
C:\Users\Ferid\Desktop\C++\C++_OOP_Project\C++_OOP_Project\FileName.cpp(490,11): warning C4566: character represented by universal-character-name '\u0259' cannot be represented in the current code page (1252)
C:\Users\Ferid\Desktop\C++\C++_OOP_Project\C++_OOP_Project\FileName.cpp(490,11): warning C4566: character represented by universal-character-name '\u011F' cannot be represented in the current code page (1252)
C:\Users\Ferid\Desktop\C++\C++_OOP_Project\C++_OOP_Project\FileName.cpp(506,12): warning C4566: character represented by universal-character-name '\u0131' cannot be represented in the current code page (1252)
C:\Users\Ferid\Desktop\C++\C++_OOP_Project\C++_OOP_Project\FileName.cpp(506,12): warning C4566: character represented by universal-character-name '\u0259' cannot be represented in the current code page (1252)
C:\Users\Ferid\Desktop\C++\C++_OOP_Project\C++_OOP_Project\FileName.cpp(506,12): warning C4566: character represented by universal-character-name '\u015F' cannot be represented in the current code page (1252)
C:\Users\Ferid\Desktop\C++\C++_OOP_Project\C++_OOP_Project\FileName.cpp(513,11): warning C4566: character represented by universal-character-name '\u015F' cannot be represented in the current code page (1252)
C:\Users\Ferid\Desktop\C++\C++_OOP_Project\C++_OOP_Project\FileName.cpp(513,11): warning C4566: character represented by universal-character-name '\u0259' cannot be represented in the current code page (1252)
C:\Users\Ferid\Desktop\C++\C++_OOP_Project\C++_OOP_Project\FileName.cpp(513,11): warning C4566: character represented by universal-character-name '\u011F' cannot be represented in the current code page (1252)
C:\Users\Ferid\Desktop\C++\C++_OOP_Project\C++_OOP_Project\FileName.cpp(619,25): warning C4566: character represented by universal-character-name '\u0131' cannot be represented in the current code page (1252)
C:\Users\Ferid\Desktop\C++\C++_OOP_Project\C++_OOP_Project\FileName.cpp(619,25): warning C4566: character represented by universal-character-name '\u0259' cannot be represented in the current code page (1252)
C:\Users\Ferid\Desktop\C++\C++_OOP_Project\C++_OOP_Project\FileName.cpp(619,62): warning C4566: character represented by universal-character-name '\u0259' cannot be represented in the current code page (1252)
C:\Users\Ferid\Desktop\C++\C++_OOP_Project\C++_OOP_Project\FileName.cpp(623,11): warning C4566: character represented by universal-character-name '\u0259' cannot be represented in the current code page (1252)
C:\Users\Ferid\Desktop\C++\C++_OOP_Project\C++_OOP_Project\FileName.cpp(623,11): warning C4566: character represented by universal-character-name '\u0131' cannot be represented in the current code page (1252)
C:\Users\Ferid\Desktop\C++\C++_OOP_Project\C++_OOP_Project\FileName.cpp(597,24): warning C4267: 'argument': conversion from 'size_t' to 'int', possible loss of data
C:\Users\Ferid\Desktop\C++\C++_OOP_Project\C++_OOP_Project\FileName.cpp(657,4): warning C4566: character represented by universal-character-name '\u0131' cannot be represented in the current code page (1252)
C:\Users\Ferid\Desktop\C++\C++_OOP_Project\C++_OOP_Project\FileName.cpp(663,12): warning C4566: character represented by universal-character-name '\u015F' cannot be represented in the current code page (1252)
C:\Users\Ferid\Desktop\C++\C++_OOP_Project\C++_OOP_Project\FileName.cpp(663,12): warning C4566: character represented by universal-character-name '\u011F' cannot be represented in the current code page (1252)
C:\Users\Ferid\Desktop\C++\C++_OOP_Project\C++_OOP_Project\FileName.cpp(663,12): warning C4566: character represented by universal-character-name '\u0259' cannot be represented in the current code page (1252)
C:\Users\Ferid\Desktop\C++\C++_OOP_Project\C++_OOP_Project\FileName.cpp(667,12): warning C4566: character represented by universal-character-name '\u015E' cannot be represented in the current code page (1252)
C:\Users\Ferid\Desktop\C++\C++_OOP_Project\C++_OOP_Project\FileName.cpp(667,12): warning C4566: character represented by universal-character-name '\u0259' cannot be represented in the current code page (1252)
C:\Users\Ferid\Desktop\C++\C++_OOP_Project\C++_OOP_Project\FileName.cpp(667,12): warning C4566: character represented by universal-character-name '\u0131' cannot be represented in the current code page (1252)
C:\Users\Ferid\Desktop\C++\C++_OOP_Project\C++_OOP_Project\FileName.cpp(667,12): warning C4566: character represented by universal-character-name '\u015F' cannot be represented in the current code page (1252)
C:\Users\Ferid\Desktop\C++\C++_OOP_Project\C++_OOP_Project\FileName.cpp(687,24): warning C4566: character represented by universal-character-name '\u0259' cannot be represented in the current code page (1252)
C:\Users\Ferid\Desktop\C++\C++_OOP_Project\C++_OOP_Project\FileName.cpp(687,24): warning C4566: character represented by universal-character-name '\u0131' cannot be represented in the current code page (1252)
C:\Users\Ferid\Desktop\C++\C++_OOP_Project\C++_OOP_Project\FileName.cpp(691,27): warning C4566: character represented by universal-character-name '\u0130' cannot be represented in the current code page (1252)
C:\Users\Ferid\Desktop\C++\C++_OOP_Project\C++_OOP_Project\FileName.cpp(691,27): warning C4566: character represented by universal-character-name '\u0259' cannot be represented in the current code page (1252)
C:\Users\Ferid\Desktop\C++\C++_OOP_Project\C++_OOP_Project\FileName.cpp(691,27): warning C4566: character represented by universal-character-name '\u0131' cannot be represented in the current code page (1252)
C:\Users\Ferid\Desktop\C++\C++_OOP_Project\C++_OOP_Project\FileName.cpp(695,27): warning C4566: character represented by universal-character-name '\u015E' cannot be represented in the current code page (1252)
C:\Users\Ferid\Desktop\C++\C++_OOP_Project\C++_OOP_Project\FileName.cpp(695,27): warning C4566: character represented by universal-character-name '\u0259' cannot be represented in the current code page (1252)
C:\Users\Ferid\Desktop\C++\C++_OOP_Project\C++_OOP_Project\FileName.cpp(695,27): warning C4566: character represented by universal-character-name '\u0131' cannot be represented in the current code page (1252)
C:\Users\Ferid\Desktop\C++\C++_OOP_Project\C++_OOP_Project\FileName.cpp(706,24): warning C4566: character represented by universal-character-name '\u0130' cannot be represented in the current code page (1252)
C:\Users\Ferid\Desktop\C++\C++_OOP_Project\C++_OOP_Project\FileName.cpp(706,24): warning C4566: character represented by universal-character-name '\u0259' cannot be represented in the current code page (1252)
C:\Users\Ferid\Desktop\C++\C++_OOP_Project\C++_OOP_Project\FileName.cpp(706,24): warning C4566: character represented by universal-character-name '\u0131' cannot be represented in the current code page (1252)
C:\Users\Ferid\Desktop\C++\C++_OOP_Project\C++_OOP_Project\FileName.cpp(713,27): warning C4566: character represented by universal-character-name '\u015E' cannot be represented in the current code page (1252)
C:\Users\Ferid\Desktop\C++\C++_OOP_Project\C++_OOP_Project\FileName.cpp(713,27): warning C4566: character represented by universal-character-name '\u0259' cannot be represented in the current code page (1252)
C:\Users\Ferid\Desktop\C++\C++_OOP_Project\C++_OOP_Project\FileName.cpp(713,27): warning C4566: character represented by universal-character-name '\u0131' cannot be represented in the current code page (1252)
C:\Users\Ferid\Desktop\C++\C++_OOP_Project\C++_OOP_Project\FileName.cpp(713,27): warning C4566: character represented by universal-character-name '\u015F' cannot be represented in the current code page (1252)
C:\Users\Ferid\Desktop\C++\C++_OOP_Project\C++_OOP_Project\FileName.cpp(721,24): warning C4566: character represented by universal-character-name '\u0130' cannot be represented in the current code page (1252)
C:\Users\Ferid\Desktop\C++\C++_OOP_Project\C++_OOP_Project\FileName.cpp(721,24): warning C4566: character represented by universal-character-name '\u0259' cannot be represented in the current code page (1252)
C:\Users\Ferid\Desktop\C++\C++_OOP_Project\C++_OOP_Project\FileName.cpp(721,24): warning C4566: character represented by universal-character-name '\u0131' cannot be represented in the current code page (1252)
C:\Users\Ferid\Desktop\C++\C++_OOP_Project\C++_OOP_Project\FileName.cpp(725,27): warning C4566: character represented by universal-character-name '\u0259' cannot be represented in the current code page (1252)
C:\Users\Ferid\Desktop\C++\C++_OOP_Project\C++_OOP_Project\FileName.cpp(725,27): warning C4566: character represented by universal-character-name '\u015F' cannot be represented in the current code page (1252)
C:\Users\Ferid\Desktop\C++\C++_OOP_Project\C++_OOP_Project\FileName.cpp(725,27): warning C4566: character represented by universal-character-name '\u0131' cannot be represented in the current code page (1252)
C:\Users\Ferid\Desktop\C++\C++_OOP_Project\C++_OOP_Project\FileName.cpp(729,27): warning C4566: character represented by universal-character-name '\u015F' cannot be represented in the current code page (1252)
C:\Users\Ferid\Desktop\C++\C++_OOP_Project\C++_OOP_Project\FileName.cpp(729,27): warning C4566: character represented by universal-character-name '\u0259' cannot be represented in the current code page (1252)
C:\Users\Ferid\Desktop\C++\C++_OOP_Project\C++_OOP_Project\FileName.cpp(729,27): warning C4566: character represented by universal-character-name '\u0131' cannot be represented in the current code page (1252)
C:\Users\Ferid\Desktop\C++\C++_OOP_Project\C++_OOP_Project\FileName.cpp(758,6): warning C4326: return type of 'main' should be 'int' instead of 'void'
C:\Users\Ferid\Desktop\C++\C++_OOP_Project\C++_OOP_Project\FileName.cpp(831,13): warning C4566: character represented by universal-character-name '\u0131' cannot be represented in the current code page (1252)
C:\Users\Ferid\Desktop\C++\C++_OOP_Project\C++_OOP_Project\FileName.cpp(834,13): warning C4566: character represented by universal-character-name '\u018F' cannot be represented in the current code page (1252)
C:\Users\Ferid\Desktop\C++\C++_OOP_Project\C++_OOP_Project\FileName.cpp(834,13): warning C4566: character represented by universal-character-name '\u0259' cannot be represented in the current code page (1252)
C:\Users\Ferid\Desktop\C++\C++_OOP_Project\C++_OOP_Project\FileName.cpp(834,13): warning C4566: character represented by universal-character-name '\u0131' cannot be represented in the current code page (1252)
C:\Users\Ferid\Desktop\C++\C++_OOP_Project\C++_OOP_Project\FileName.cpp(837,13): warning C4566: character represented by universal-character-name '\u0259' cannot be represented in the current code page (1252)
C:\Users\Ferid\Desktop\C++\C++_OOP_Project\C++_OOP_Project\FileName.cpp(843,21): warning C4566: character represented by universal-character-name '\u0259' cannot be represented in the current code page (1252)
C:\Users\Ferid\Desktop\C++\C++_OOP_Project\C++_OOP_Project\FileName.cpp(873,14): warning C4566: character represented by universal-character-name '\u0259' cannot be represented in the current code page (1252)
C:\Users\Ferid\Desktop\C++\C++_OOP_Project\C++_OOP_Project\FileName.cpp(873,14): warning C4566: character represented by universal-character-name '\u015F' cannot be represented in the current code page (1252)
C:\Users\Ferid\Desktop\C++\C++_OOP_Project\C++_OOP_Project\FileName.cpp(879,14): warning C4566: character represented by universal-character-name '\u011F' cannot be represented in the current code page (1252)
C:\Users\Ferid\Desktop\C++\C++_OOP_Project\C++_OOP_Project\FileName.cpp(879,14): warning C4566: character represented by universal-character-name '\u0131' cannot be represented in the current code page (1252)
C:\Users\Ferid\Desktop\C++\C++_OOP_Project\C++_OOP_Project\FileName.cpp(882,14): warning C4566: character represented by universal-character-name '\u0259' cannot be represented in the current code page (1252)
C:\Users\Ferid\Desktop\C++\C++_OOP_Project\C++_OOP_Project\FileName.cpp(882,14): warning C4566: character represented by universal-character-name '\u015F' cannot be represented in the current code page (1252)
C:\Users\Ferid\Desktop\C++\C++_OOP_Project\C++_OOP_Project\FileName.cpp(891,14): warning C4566: character represented by universal-character-name '\u011F' cannot be represented in the current code page (1252)
C:\Users\Ferid\Desktop\C++\C++_OOP_Project\C++_OOP_Project\FileName.cpp(894,14): warning C4566: character represented by universal-character-name '\u0259' cannot be represented in the current code page (1252)
C:\Users\Ferid\Desktop\C++\C++_OOP_Project\C++_OOP_Project\FileName.cpp(894,14): warning C4566: character represented by universal-character-name '\u015F' cannot be represented in the current code page (1252)
C:\Users\Ferid\Desktop\C++\C++_OOP_Project\C++_OOP_Project\FileName.cpp(935,14): warning C4566: character represented by universal-character-name '\u0131' cannot be represented in the current code page (1252)
C:\Users\Ferid\Desktop\C++\C++_OOP_Project\C++_OOP_Project\FileName.cpp(935,14): warning C4566: character represented by universal-character-name '\u0259' cannot be represented in the current code page (1252)
C:\Users\Ferid\Desktop\C++\C++_OOP_Project\C++_OOP_Project\FileName.cpp(940,14): warning C4566: character represented by universal-character-name '\u0130' cannot be represented in the current code page (1252)
C:\Users\Ferid\Desktop\C++\C++_OOP_Project\C++_OOP_Project\FileName.cpp(940,14): warning C4566: character represented by universal-character-name '\u0259' cannot be represented in the current code page (1252)
C:\Users\Ferid\Desktop\C++\C++_OOP_Project\C++_OOP_Project\FileName.cpp(940,14): warning C4566: character represented by universal-character-name '\u015F' cannot be represented in the current code page (1252)
  C++_OOP_Project.vcxproj -> C:\Users\Ferid\Desktop\C++\C++_OOP_Project\x64\Debug\C++_OOP_Project.exe
